INFO: [VRFC 10-2263] Analyzing Verilog file "C:/Users/spand/Debouncing_circuit_1/Debouncing_circuit_1.srcs/sources_1/new/button.v" into library xil_defaultlib
INFO: [VRFC 10-311] analyzing module button
INFO: [VRFC 10-2263] Analyzing Verilog file "C:/Users/spand/Debouncing_circuit_1/Debouncing_circuit_1.srcs/sources_1/new/button_test_circuit.v" into library xil_defaultlib
INFO: [VRFC 10-311] analyzing module button_test_circuit
INFO: [VRFC 10-2263] Analyzing Verilog file "C:/Users/spand/Debouncing_circuit_1/Debouncing_circuit_1.srcs/sources_1/new/decoder_generic.v" into library xil_defaultlib
INFO: [VRFC 10-311] analyzing module decoder_generic
INFO: [VRFC 10-2263] Analyzing Verilog file "C:/Users/spand/Debouncing_circuit_1/Debouncing_circuit_1.srcs/sources_1/new/edge_detector.v" into library xil_defaultlib
INFO: [VRFC 10-311] analyzing module edge_detector
INFO: [VRFC 10-2263] Analyzing Verilog file "C:/Users/spand/Debouncing_circuit_1/Debouncing_circuit_1.srcs/sources_1/new/hex2sseg.v" into library xil_defaultlib
INFO: [VRFC 10-311] analyzing module hex2sseg
INFO: [VRFC 10-2263] Analyzing Verilog file "C:/Users/spand/Debouncing_circuit_1/Debouncing_circuit_1.srcs/sources_1/new/mux_8x1_nbit.v" into library xil_defaultlib
INFO: [VRFC 10-311] analyzing module mux_8x1_nbit
INFO: [VRFC 10-2263] Analyzing Verilog file "C:/Users/spand/Debouncing_circuit_1/Debouncing_circuit_1.srcs/sources_1/new/sseg_driver.v" into library xil_defaultlib
INFO: [VRFC 10-311] analyzing module sseg_driver
INFO: [VRFC 10-2263] Analyzing Verilog file "C:/Users/spand/Debouncing_circuit_1/Debouncing_circuit_1.srcs/sources_1/new/synchronizer.v" into library xil_defaultlib
INFO: [VRFC 10-311] analyzing module synchronizer
INFO: [VRFC 10-2263] Analyzing Verilog file "C:/Users/spand/Debouncing_circuit_1/Debouncing_circuit_1.srcs/sources_1/new/udl_counter.v" into library xil_defaultlib
INFO: [VRFC 10-311] analyzing module udl_counter
INFO: [VRFC 10-2263] Analyzing Verilog file "C:/Users/spand/Debouncing_circuit_1/Debouncing_circuit_1.srcs/sim_1/new/button_tb.v" into library xil_defaultlib
INFO: [VRFC 10-311] analyzing module button_tb
